# Logfile created on 2025-09-23 17:47:48 +0000 by logger.rb/v1.7.0
[2025-09-23T17:47:48+00:00] INFO: Started Cinc Zero at chefzero://localhost:1 with repository at /opt/gitlab/embedded (One version per cookbook)
[2025-09-23T17:47:48+00:00] INFO: *** Cinc Client 18.3.0 ***
[2025-09-23T17:47:48+00:00] INFO: Platform: x86_64-linux
[2025-09-23T17:47:48+00:00] INFO: Cinc-client pid: 33
[2025-09-23T17:47:49+00:00] INFO: Setting the run_list to ["recipe[gitlab-base]"] from CLI options
[2025-09-23T17:47:49+00:00] INFO: Run List is [recipe[gitlab-base]]
[2025-09-23T17:47:49+00:00] INFO: Run List expands to [gitlab-base]
[2025-09-23T17:47:49+00:00] INFO: Starting Cinc Client Run for gitlab.theseus.com
[2025-09-23T17:47:49+00:00] INFO: Running start handlers
[2025-09-23T17:47:49+00:00] INFO: Start handlers complete.
[2025-09-23T17:47:50+00:00] INFO: Loading cookbooks [gitlab-base@0.1.0, package@0.1.0, gitlab@0.0.1, runit@5.1.7, logrotate@0.1.0, postgresql@0.1.0, redis@0.1.0, monitoring@0.1.0, registry@0.1.0, mattermost@0.1.0, consul@0.1.0, gitaly@0.1.0, praefect@0.1.0, gitlab-kas@0.1.0, gitlab-pages@0.1.0, letsencrypt@0.1.0, nginx@0.1.0, acme@4.1.6, crond@0.1.0]
[2025-09-23T17:47:52+00:00] INFO: Generating default secrets
[2025-09-23T17:47:53+00:00] INFO: Generating /etc/gitlab/gitlab-secrets.json file
[2025-09-23T17:47:53+00:00] WARN: gitlab-rails does not have a log_group or default logdir mode defined. Setting to 0700.
[2025-09-23T17:47:53+00:00] INFO: Skipped selecting an init system because it was explicitly disabled
[2025-09-23T17:47:53+00:00] WARN: gitlab-shell does not have a log_group or default logdir mode defined. Setting to 0700.
[2025-09-23T17:47:53+00:00] WARN: gitlab-sshd does not have a log_group or default logdir mode defined. Setting to 0700.
[2025-09-23T17:47:53+00:00] WARN: logrotate does not have a log_group or default logdir mode defined. Setting to 0700.
[2025-09-23T17:47:53+00:00] WARN: logrotate does not have a log_group or default logdir mode defined. Setting to 0700.
[2025-09-23T17:47:53+00:00] WARN: puma does not have a log_group or default logdir mode defined. Setting to 0700.
[2025-09-23T17:47:54+00:00] WARN: gitlab-rails does not have a log_group or default logdir mode defined. Setting to 0700.
[2025-09-23T17:47:54+00:00] WARN: gitlab-shell does not have a log_group or default logdir mode defined. Setting to 0700.
[2025-09-23T17:47:54+00:00] WARN: gitlab-workhorse does not have a log_group or default logdir mode defined. Setting to 0700.
[2025-09-23T17:47:54+00:00] WARN: gitlab-pages does not have a log_group or default logdir mode defined. Setting to 0700.
[2025-09-23T17:47:54+00:00] WARN: gitlab-kas does not have a log_group or default logdir mode defined. Setting to 0700.
[2025-09-23T17:47:54+00:00] WARN: gitaly does not have a log_group or default logdir mode defined. Setting to 0700.
[2025-09-23T17:47:54+00:00] WARN: mailroom does not have a log_group or default logdir mode defined. Setting to 0700.
[2025-09-23T17:47:54+00:00] WARN: gitaly does not have a log_group or default logdir mode defined. Setting to 0700.
[2025-09-23T17:47:54+00:00] WARN: postgresql does not have a log_group or default logdir mode defined. Setting to 0700.
[2025-09-23T17:47:54+00:00] WARN: postgresql does not have a log_group or default logdir mode defined. Setting to 0700.
[2025-09-23T17:47:54+00:00] INFO: /opt/gitlab/init/postgresql status does not exist.
[2025-09-23T17:47:54+00:00] WARN: gitlab-kas does not have a log_group or default logdir mode defined. Setting to 0700.
[2025-09-23T17:47:54+00:00] WARN: puma does not have a log_group or default logdir mode defined. Setting to 0700.
[2025-09-23T17:47:54+00:00] WARN: sidekiq does not have a log_group or default logdir mode defined. Setting to 0700.
[2025-09-23T17:47:54+00:00] WARN: gitlab-workhorse does not have a log_group or default logdir mode defined. Setting to 0700.
[2025-09-23T17:47:54+00:00] WARN: gitlab-exporter does not have a log_group or default logdir mode defined. Setting to 0700.
[2025-09-23T17:47:54+00:00] WARN: redis-exporter does not have a log_group or default logdir mode defined. Setting to 0700.
[2025-09-23T17:47:54+00:00] WARN: prometheus does not have a log_group or default logdir mode defined. Setting to 0700.
[2025-09-23T17:47:54+00:00] WARN: alertmanager does not have a log_group or default logdir mode defined. Setting to 0700.
[2025-09-23T17:47:54+00:00] WARN: postgres-exporter does not have a log_group or default logdir mode defined. Setting to 0700.
[2025-09-23T17:47:55+00:00] WARN: only_if block for templatesymlink[Create a gitlab_pages_secret and create a symlink to Rails root] returned a string, did you mean to run a command?
[2025-09-23T17:47:55+00:00] WARN: only_if block for templatesymlink[Create a gitlab_kas_secret and create a symlink to Rails root] returned a string, did you mean to run a command?
